<?xml version="1.0" encoding="UTF-8"?>
<!-- Generated by org.testng.reporters.JUnitXMLReporter -->
<testsuite ignored="3" hostname="SMM-LP172" failures="0" tests="2" name="Test" time="5.628" errors="0" timestamp="2025-05-08T19:34:34 IST">
  <testcase classname="testscript.LoginTest" name="verifyuserloginwithinvalidpasswordandusername" time="0.314"/>
  <testcase classname="testscript.LoginTest" name="verifyuserloginwithinvalidpasswordandusername" time="0.194"/>
  <testcase classname="testscript.LoginTest" name="verifyuserloginwithvalidcredentials" time="0.0">
    <ignored/>
  </testcase> <!-- verifyuserloginwithvalidcredentials -->
  <testcase classname="testscript.LoginTest" name="verifyuserloginwithinvalidusername" time="0.0">
    <ignored/>
  </testcase> <!-- verifyuserloginwithinvalidusername -->
  <testcase classname="testscript.LoginTest" name="verifyuserloginwithinvalidpassword" time="0.0">
    <ignored/>
  </testcase> <!-- verifyuserloginwithinvalidpassword -->
</testsuite> <!-- Test -->
