<?xml version="1.0" encoding="UTF-8"?>
<testng-results ignored="0" total="3" passed="3" failed="0" skipped="0">
  <reporter-output>
  </reporter-output>
  <suite started-at="2025-05-15T17:35:56 IST" name="Crossbrowser" finished-at="2025-05-15T17:36:12 IST" duration-ms="16034">
    <groups>
    </groups>
    <test started-at="2025-05-15T17:35:56 IST" name="ChromeTest" finished-at="2025-05-15T17:36:00 IST" duration-ms="3565">
      <class name="testscript.ManageNewsTest">
        <test-method is-config="true" signature="initialiseBrowser(java.lang.String)[pri:0, instance:testscript.ManageNewsTest@45c7e403]" started-at="2025-05-15T17:35:56 IST" name="initialiseBrowser" finished-at="2025-05-15T17:35:58 IST" duration-ms="1868" status="PASS">
          <params>
            <param index="0">
              <value>
                <![CDATA[chrome]]>
              </value>
            </param>
          </params>
          <reporter-output>
          </reporter-output>
        </test-method> <!-- initialiseBrowser -->
        <test-method signature="verifyUserCanAddNewNews()[pri:0, instance:testscript.ManageNewsTest@45c7e403]" started-at="2025-05-15T17:35:58 IST" name="verifyUserCanAddNewNews" finished-at="2025-05-15T17:36:00 IST" duration-ms="1511" status="PASS">
          <reporter-output>
          </reporter-output>
        </test-method> <!-- verifyUserCanAddNewNews -->
        <test-method is-config="true" signature="driverQuit(org.testng.ITestResult)[pri:0, instance:testscript.ManageNewsTest@45c7e403]" started-at="2025-05-15T17:36:00 IST" name="driverQuit" finished-at="2025-05-15T17:36:00 IST" duration-ms="160" status="PASS">
          <params>
            <param index="0">
              <value>
                <![CDATA[[TestResult name=verifyUserCanAddNewNews status=SUCCESS method=ManageNewsTest.verifyUserCanAddNewNews()[pri:0, instance:testscript.ManageNewsTest@45c7e403] output={null}]]]>
              </value>
            </param>
          </params>
          <reporter-output>
          </reporter-output>
        </test-method> <!-- driverQuit -->
      </class> <!-- testscript.ManageNewsTest -->
    </test> <!-- ChromeTest -->
    <test started-at="2025-05-15T17:36:00 IST" name="EdgeTest" finished-at="2025-05-15T17:36:04 IST" duration-ms="4188">
      <class name="testscript.ManageNewsTest">
        <test-method is-config="true" signature="initialiseBrowser(java.lang.String)[pri:0, instance:testscript.ManageNewsTest@623a8092]" started-at="2025-05-15T17:36:00 IST" name="initialiseBrowser" finished-at="2025-05-15T17:36:02 IST" duration-ms="1604" status="PASS">
          <params>
            <param index="0">
              <value>
                <![CDATA[edge]]>
              </value>
            </param>
          </params>
          <reporter-output>
          </reporter-output>
        </test-method> <!-- initialiseBrowser -->
        <test-method signature="verifyUserCanAddNewNews()[pri:0, instance:testscript.ManageNewsTest@623a8092]" started-at="2025-05-15T17:36:02 IST" name="verifyUserCanAddNewNews" finished-at="2025-05-15T17:36:03 IST" duration-ms="1349" status="PASS">
          <reporter-output>
          </reporter-output>
        </test-method> <!-- verifyUserCanAddNewNews -->
        <test-method is-config="true" signature="driverQuit(org.testng.ITestResult)[pri:0, instance:testscript.ManageNewsTest@623a8092]" started-at="2025-05-15T17:36:03 IST" name="driverQuit" finished-at="2025-05-15T17:36:04 IST" duration-ms="1233" status="PASS">
          <params>
            <param index="0">
              <value>
                <![CDATA[[TestResult name=verifyUserCanAddNewNews status=SUCCESS method=ManageNewsTest.verifyUserCanAddNewNews()[pri:0, instance:testscript.ManageNewsTest@623a8092] output={null}]]]>
              </value>
            </param>
          </params>
          <reporter-output>
          </reporter-output>
        </test-method> <!-- driverQuit -->
      </class> <!-- testscript.ManageNewsTest -->
    </test> <!-- EdgeTest -->
    <test started-at="2025-05-15T17:36:04 IST" name="FirefoxTest" finished-at="2025-05-15T17:36:12 IST" duration-ms="8258">
      <class name="testscript.ManageCategoryTest">
        <test-method is-config="true" signature="initialiseBrowser(java.lang.String)[pri:0, instance:testscript.ManageCategoryTest@610f7aa]" started-at="2025-05-15T17:36:04 IST" name="initialiseBrowser" finished-at="2025-05-15T17:36:08 IST" duration-ms="3761" status="PASS">
          <params>
            <param index="0">
              <value>
                <![CDATA[firefox]]>
              </value>
            </param>
          </params>
          <reporter-output>
          </reporter-output>
        </test-method> <!-- initialiseBrowser -->
        <test-method signature="verifyWhetherUserIsAbleToCreateNEwCategory()[pri:0, instance:testscript.ManageCategoryTest@610f7aa]" started-at="2025-05-15T17:36:08 IST" name="verifyWhetherUserIsAbleToCreateNEwCategory" description="To verify whether user is able to create new category" finished-at="2025-05-15T17:36:12 IST" duration-ms="3587" status="PASS">
          <reporter-output>
          </reporter-output>
        </test-method> <!-- verifyWhetherUserIsAbleToCreateNEwCategory -->
        <test-method is-config="true" signature="driverQuit(org.testng.ITestResult)[pri:0, instance:testscript.ManageCategoryTest@610f7aa]" started-at="2025-05-15T17:36:12 IST" name="driverQuit" finished-at="2025-05-15T17:36:12 IST" duration-ms="906" status="PASS">
          <params>
            <param index="0">
              <value>
                <![CDATA[[TestResult name=verifyWhetherUserIsAbleToCreateNEwCategory status=SUCCESS method=ManageCategoryTest.verifyWhetherUserIsAbleToCreateNEwCategory()[pri:0, instance:testscript.ManageCategoryTest@610f7aa] output={null}]]]>
              </value>
            </param>
          </params>
          <reporter-output>
          </reporter-output>
        </test-method> <!-- driverQuit -->
      </class> <!-- testscript.ManageCategoryTest -->
    </test> <!-- FirefoxTest -->
  </suite> <!-- Crossbrowser -->
</testng-results>
