<?xml version="1.0" encoding="UTF-8"?>
<testng-results ignored="0" total="2" passed="2" failed="0" skipped="0">
  <reporter-output>
  </reporter-output>
  <suite started-at="2025-05-09T22:10:40 IST" name="multibrowsertesting" finished-at="2025-05-09T22:10:47 IST" duration-ms="7087">
    <groups>
      <group name="smoke">
        <method signature="LoginTest.verifyuserloginwithinvalidusername()[pri:2, instance:testscript.LoginTest@23348b5d]" name="verifyuserloginwithinvalidusername" class="testscript.LoginTest"/>
      </group> <!-- smoke -->
    </groups>
    <test started-at="2025-05-09T22:10:40 IST" name="test1" finished-at="2025-05-09T22:10:44 IST" duration-ms="3816">
      <class name="testscript.LoginTest">
        <test-method is-config="true" signature="initialiseBrowser(java.lang.String)[pri:0, instance:testscript.LoginTest@23348b5d]" started-at="2025-05-09T22:10:40 IST" name="initialiseBrowser" finished-at="2025-05-09T22:10:42 IST" duration-ms="2337" status="PASS">
          <params>
            <param index="0">
              <value>
                <![CDATA[chrome]]>
              </value>
            </param>
          </params>
          <reporter-output>
          </reporter-output>
        </test-method> <!-- initialiseBrowser -->
        <test-method signature="verifyuserloginwithinvalidusername()[pri:2, instance:testscript.LoginTest@23348b5d]" started-at="2025-05-09T22:10:42 IST" name="verifyuserloginwithinvalidusername" description="Verify Whether the user is unable  to login with invalid username" finished-at="2025-05-09T22:10:43 IST" duration-ms="1251" status="PASS">
          <reporter-output>
          </reporter-output>
        </test-method> <!-- verifyuserloginwithinvalidusername -->
        <test-method is-config="true" signature="driverQuit(org.testng.ITestResult)[pri:0, instance:testscript.LoginTest@23348b5d]" started-at="2025-05-09T22:10:43 IST" name="driverQuit" finished-at="2025-05-09T22:10:44 IST" duration-ms="181" status="PASS">
          <params>
            <param index="0">
              <value>
                <![CDATA[[TestResult name=verifyuserloginwithinvalidusername status=SUCCESS method=LoginTest.verifyuserloginwithinvalidusername()[pri:2, instance:testscript.LoginTest@23348b5d] output={null}]]]>
              </value>
            </param>
          </params>
          <reporter-output>
          </reporter-output>
        </test-method> <!-- driverQuit -->
      </class> <!-- testscript.LoginTest -->
    </test> <!-- test1 -->
    <test started-at="2025-05-09T22:10:40 IST" name="test2" finished-at="2025-05-09T22:10:47 IST" duration-ms="7086">
      <class name="testscript.ManageNewsTest">
        <test-method is-config="true" signature="initialiseBrowser(java.lang.String)[pri:0, instance:testscript.ManageNewsTest@186f8716]" started-at="2025-05-09T22:10:40 IST" name="initialiseBrowser" finished-at="2025-05-09T22:10:44 IST" duration-ms="3919" status="PASS">
          <params>
            <param index="0">
              <value>
                <![CDATA[edge]]>
              </value>
            </param>
          </params>
          <reporter-output>
          </reporter-output>
        </test-method> <!-- initialiseBrowser -->
        <test-method signature="verifyUserCanAddNewNews()[pri:0, instance:testscript.ManageNewsTest@186f8716]" started-at="2025-05-09T22:10:44 IST" name="verifyUserCanAddNewNews" finished-at="2025-05-09T22:10:46 IST" duration-ms="1848" status="PASS">
          <reporter-output>
          </reporter-output>
        </test-method> <!-- verifyUserCanAddNewNews -->
        <test-method is-config="true" signature="driverQuit(org.testng.ITestResult)[pri:0, instance:testscript.ManageNewsTest@186f8716]" started-at="2025-05-09T22:10:46 IST" name="driverQuit" finished-at="2025-05-09T22:10:47 IST" duration-ms="1280" status="PASS">
          <params>
            <param index="0">
              <value>
                <![CDATA[[TestResult name=verifyUserCanAddNewNews status=SUCCESS method=ManageNewsTest.verifyUserCanAddNewNews()[pri:0, instance:testscript.ManageNewsTest@186f8716] output={null}]]]>
              </value>
            </param>
          </params>
          <reporter-output>
          </reporter-output>
        </test-method> <!-- driverQuit -->
      </class> <!-- testscript.ManageNewsTest -->
    </test> <!-- test2 -->
  </suite> <!-- multibrowsertesting -->
</testng-results>
