<?xml version="1.0" encoding="UTF-8"?>
<!-- Generated by org.testng.reporters.JUnitXMLReporter -->
<testsuite ignored="2" hostname="SMM-LP172" failures="0" tests="2" name="Test" time="14.303" errors="0" timestamp="2025-05-09T22:04:52 IST">
  <testcase classname="testscript.LoginTest" name="verifyuserloginwithinvalidusername" time="1.15"/>
  <testcase classname="testscript.LoginTest" name="verifyuserloginwithinvalidpassword" time="0.469"/>
  <testcase classname="testscript.LoginTest" name="verifyuserloginwithvalidcredentials" time="0.0">
    <ignored/>
  </testcase> <!-- verifyuserloginwithvalidcredentials -->
  <testcase classname="testscript.LoginTest" name="verifyuserloginwithinvalidpasswordandusername" time="0.0">
    <ignored/>
  </testcase> <!-- verifyuserloginwithinvalidpasswordandusername -->
</testsuite> <!-- Test -->
