<?xml version="1.0" encoding="UTF-8"?>
<!-- Generated by org.testng.reporters.JUnitXMLReporter -->
<testsuite ignored="2" hostname="SMM-LP172" failures="0" tests="2" name="Test" time="6.16" errors="0" timestamp="2025-05-15T17:21:03 IST">
  <testcase classname="testscript.LoginTest" name="verifyuserloginwithinvalidusername" time="1.037"/>
  <testcase classname="testscript.LoginTest" name="verifyuserloginwithinvalidpassword" time="0.494"/>
  <testcase classname="testscript.LoginTest" name="verifyuserloginwithvalidcredentials" time="0.0">
    <ignored/>
  </testcase> <!-- verifyuserloginwithvalidcredentials -->
  <testcase classname="testscript.LoginTest" name="verifyuserloginwithinvalidpasswordandusername" time="0.0">
    <ignored/>
  </testcase> <!-- verifyuserloginwithinvalidpasswordandusername -->
</testsuite> <!-- Test -->
