<?xml version="1.0" encoding="UTF-8"?>
<!-- Generated by org.testng.reporters.JUnitXMLReporter -->
<testsuite ignored="3" hostname="SMM-LP172" failures="0" tests="1" name="test1" time="3.873" errors="0" timestamp="2025-05-15T17:21:56 IST">
  <testcase classname="testscript.LoginTest" name="verifyuserloginwithinvalidusername" time="1.206"/>
  <testcase classname="testscript.LoginTest" name="verifyuserloginwithvalidcredentials" time="0.0">
    <ignored/>
  </testcase> <!-- verifyuserloginwithvalidcredentials -->
  <testcase classname="testscript.LoginTest" name="verifyuserloginwithinvalidpasswordandusername" time="0.0">
    <ignored/>
  </testcase> <!-- verifyuserloginwithinvalidpasswordandusername -->
  <testcase classname="testscript.LoginTest" name="verifyuserloginwithinvalidpassword" time="0.0">
    <ignored/>
  </testcase> <!-- verifyuserloginwithinvalidpassword -->
</testsuite> <!-- test1 -->
