<?xml version="1.0" encoding="UTF-8"?>
<testng-results ignored="0" total="2" passed="2" failed="0" skipped="0">
  <reporter-output>
  </reporter-output>
  <suite started-at="2025-05-15T13:25:12 IST" name="Suite" finished-at="2025-05-15T13:25:24 IST" duration-ms="11694">
    <groups>
    </groups>
    <test started-at="2025-05-15T13:25:12 IST" name="Test" finished-at="2025-05-15T13:25:24 IST" duration-ms="11694">
      <class name="testscript.LoginTest">
        <test-method is-config="true" signature="initialiseBrowser(java.lang.String)[pri:0, instance:testscript.LoginTest@4d1c005e]" started-at="2025-05-15T13:25:12 IST" name="initialiseBrowser" finished-at="2025-05-15T13:25:21 IST" duration-ms="9064" status="PASS">
          <params>
            <param index="0">
              <value>
                <![CDATA[chrome]]>
              </value>
            </param>
          </params>
          <reporter-output>
          </reporter-output>
        </test-method> <!-- initialiseBrowser -->
        <test-method signature="verifyuserloginwithinvalidpasswordandusername(java.lang.String,java.lang.String)[pri:4, instance:testscript.LoginTest@4d1c005e]" started-at="2025-05-15T13:25:21 IST" name="verifyuserloginwithinvalidpasswordandusername" description="Verify Whether the user is unable  to login with invalid credentials" data-provider="loginProvider" finished-at="2025-05-15T13:25:21 IST" duration-ms="293" status="PASS">
          <params>
            <param index="0">
              <value>
                <![CDATA[admin]]>
              </value>
            </param>
            <param index="1">
              <value>
                <![CDATA[admin]]>
              </value>
            </param>
          </params>
          <reporter-output>
          </reporter-output>
        </test-method> <!-- verifyuserloginwithinvalidpasswordandusername -->
        <test-method is-config="true" signature="driverQuit(org.testng.ITestResult)[pri:0, instance:testscript.LoginTest@4d1c005e]" started-at="2025-05-15T13:25:21 IST" name="driverQuit" finished-at="2025-05-15T13:25:22 IST" duration-ms="130" status="PASS">
          <params>
            <param index="0">
              <value>
                <![CDATA[[TestResult name=verifyuserloginwithinvalidpasswordandusername status=SUCCESS method=LoginTest.verifyuserloginwithinvalidpasswordandusername(java.lang.String,java.lang.String)[pri:4, instance:testscript.LoginTest@4d1c005e] output={null}]]]>
              </value>
            </param>
          </params>
          <reporter-output>
          </reporter-output>
        </test-method> <!-- driverQuit -->
        <test-method is-config="true" signature="initialiseBrowser(java.lang.String)[pri:0, instance:testscript.LoginTest@4d1c005e]" started-at="2025-05-15T13:25:22 IST" name="initialiseBrowser" finished-at="2025-05-15T13:25:23 IST" duration-ms="1757" status="PASS">
          <params>
            <param index="0">
              <value>
                <![CDATA[chrome]]>
              </value>
            </param>
          </params>
          <reporter-output>
          </reporter-output>
        </test-method> <!-- initialiseBrowser -->
        <test-method signature="verifyuserloginwithinvalidpasswordandusername(java.lang.String,java.lang.String)[pri:4, instance:testscript.LoginTest@4d1c005e]" started-at="2025-05-15T13:25:23 IST" name="verifyuserloginwithinvalidpasswordandusername" description="Verify Whether the user is unable  to login with invalid credentials" data-provider="loginProvider" finished-at="2025-05-15T13:25:24 IST" duration-ms="242" status="PASS">
          <params>
            <param index="0">
              <value>
                <![CDATA[123]]>
              </value>
            </param>
            <param index="1">
              <value>
                <![CDATA[1234]]>
              </value>
            </param>
          </params>
          <reporter-output>
          </reporter-output>
        </test-method> <!-- verifyuserloginwithinvalidpasswordandusername -->
        <test-method is-config="true" signature="driverQuit(org.testng.ITestResult)[pri:0, instance:testscript.LoginTest@4d1c005e]" started-at="2025-05-15T13:25:24 IST" name="driverQuit" finished-at="2025-05-15T13:25:24 IST" duration-ms="138" status="PASS">
          <params>
            <param index="0">
              <value>
                <![CDATA[[TestResult name=verifyuserloginwithinvalidpasswordandusername status=SUCCESS method=LoginTest.verifyuserloginwithinvalidpasswordandusername(java.lang.String,java.lang.String)[pri:4, instance:testscript.LoginTest@4d1c005e] output={null}]]]>
              </value>
            </param>
          </params>
          <reporter-output>
          </reporter-output>
        </test-method> <!-- driverQuit -->
      </class> <!-- testscript.LoginTest -->
    </test> <!-- Test -->
  </suite> <!-- Suite -->
</testng-results>
